[INFO] Scanning for projects...
[INFO] 
[INFO] ----------------< com.pratheek.charityaid:charity-aid >-----------------
[INFO] Building charity-aid 0.0.1-SNAPSHOT
[INFO]   from pom.xml
[INFO] --------------------------------[ war ]---------------------------------
[INFO] 
[INFO] --- resources:3.3.1:resources (default-resources) @ charity-aid ---
[INFO] Copying 1 resource from src\main\resources to target\classes
[INFO] Copying 10 resources from src\main\resources to target\classes
[INFO] 
[INFO] --- compiler:3.14.1:compile (default-compile) @ charity-aid ---
[INFO] Recompiling the module because of changed source code.
[INFO] Compiling 62 source files with javac [debug parameters release 17] to target\classes
[INFO] ------------------------------------------------------------------------
[INFO] BUILD SUCCESS
[INFO] ------------------------------------------------------------------------
[INFO] Total time:  13.000 s
[INFO] Finished at: 2026-03-25T19:24:16-05:00
[INFO] ------------------------------------------------------------------------
